<?xml version="1.0" encoding="UTF-8"?>
<!-- Generated by org.testng.reporters.JUnitReportReporter -->
<testsuite hostname="DESKTOP-4TB9FO7" failures="0" tests="6" name="com.nopcommerce.account.Level21_Pattern_Object" time="4.697" errors="0" timestamp="2024-10-06T21:57:33 ICT" skipped="0">
  <testcase classname="com.nopcommerce.account.Level21_Pattern_Object" name="User_03_Register_Invalid_Password" time="0.608"/>
  <testcase classname="com.nopcommerce.account.Level21_Pattern_Object" name="User_04_Register_Incorrect_Confirm_Password" time="1.168"/>
  <testcase classname="com.nopcommerce.account.Level21_Pattern_Object" name="User_05_Register_Success" time="0.648"/>
  <testcase classname="com.nopcommerce.account.Level21_Pattern_Object" name="User_06_Login_Success" time="0.820"/>
  <testcase classname="com.nopcommerce.account.Level21_Pattern_Object" name="User_01_Register_Empty_Data" time="0.580"/>
  <testcase classname="com.nopcommerce.account.Level21_Pattern_Object" name="User_02_Register_Invalid_Email" time="0.873"/>
</testsuite> <!-- com.nopcommerce.account.Level21_Pattern_Object -->
